<?xml version="1.0" encoding="UTF-8"?>
<testsuite xmlns:xsi="http://www.w3.org/2001/XMLSchema-instance" xsi:noNamespaceSchemaLocation="https://maven.apache.org/surefire/maven-surefire-plugin/xsd/surefire-test-report-3.0.xsd" version="3.0" name="aed.HeapTests" time="2.213" tests="18" errors="0" skipped="0" failures="0">
  <properties>
[...]
</properties>
  <testcase name="testHeapGrande" classname="aed.HeapTests" time="0.035"/>
  <testcase name="testBufferVacio" classname="aed.HeapTests" time="0"/>
  <testcase name="testConstructorArrayListEsON" classname="aed.HeapTests" time="0.078">
    <system-out><![CDATA[Constructor con 1000 elementos -> 395463ns
Constructor con 10000 elementos -> 3147692ns
Constructor con 100000 elementos -> 11059963ns
Constructor con 1000000 elementos -> 36144480ns
]]></system-out>
  </testcase>
  <testcase name="testGetMaximoEsO1" classname="aed.HeapTests" time="0.338">
    <system-out><![CDATA[getMaximo() con 1000 elementos -> 2825ns
getMaximo() con 10000 elementos -> 1072ns
getMaximo() con 100000 elementos -> 12158ns
getMaximo() con 1000000 elementos -> 9830ns
]]></system-out>
  </testcase>
  <testcase name="testConstructorVacio" classname="aed.HeapTests" time="0"/>
  <testcase name="testConstructorConArrayList" classname="aed.HeapTests" time="0"/>
  <testcase name="testTransaccionesEnHeap" classname="aed.HeapTests" time="0.001"/>
  <testcase name="testElementosNegativos" classname="aed.HeapTests" time="0"/>
  <testcase name="testSacarMaximoHeapVacio" classname="aed.HeapTests" time="0.008"/>
  <testcase name="testGetLongitudEsO1" classname="aed.HeapTests" time="0.322">
    <system-out><![CDATA[getLongitud() con 1000 elementos -> 554ns
getLongitud() con 10000 elementos -> 562ns
getLongitud() con 100000 elementos -> 14126ns
getLongitud() con 1000000 elementos -> 8358ns
]]></system-out>
  </testcase>
  <testcase name="testSacarMaximoEsOLogN" classname="aed.HeapTests" time="0.312">
    <system-out><![CDATA[sacarMaximo() con 1000 elementos -> 10249ns
sacarMaximo() con 10000 elementos -> 2046ns
sacarMaximo() con 100000 elementos -> 26388ns
sacarMaximo() con 1000000 elementos -> 16402ns
]]></system-out>
  </testcase>
  <testcase name="testInsertarExtraerAleatorio" classname="aed.HeapTests" time="0"/>
  <testcase name="testAgregarElementoEsOLogN" classname="aed.HeapTests" time="0.331">
    <system-out><![CDATA[agregarAlHeap() con 1000 elementos -> 270ns
agregarAlHeap() con 10000 elementos -> 267ns
agregarAlHeap() con 100000 elementos -> 20140ns
agregarAlHeap() con 1000000 elementos -> 4396ns
]]></system-out>
  </testcase>
  <testcase name="testHeapMantienePropiedadDeOrden" classname="aed.HeapTests" time="0.001"/>
  <testcase name="testActualizarPosicionUsuario" classname="aed.HeapTests" time="0.001"/>
  <testcase name="testElementosIgualPrioridad" classname="aed.HeapTests" time="0"/>
  <testcase name="testHeapUnElemento" classname="aed.HeapTests" time="0"/>
  <testcase name="testActualizarPosicionUsuarioEsOLogP" classname="aed.HeapTests" time="0.768">
    <system-out><![CDATA[actualizarPosicionUsuario() con 1000 elementos -> 1022ns
actualizarPosicionUsuario() con 10000 elementos -> 871ns
actualizarPosicionUsuario() con 100000 elementos -> 2106ns
actualizarPosicionUsuario() con 1000000 elementos -> 48866ns
]]></system-out>
  </testcase>
</testsuite>