<?xml version="1.0" encoding="UTF-8"?>
<testsuite xmlns:xsi="http://www.w3.org/2001/XMLSchema-instance" xsi:noNamespaceSchemaLocation="https://maven.apache.org/surefire/maven-surefire-plugin/xsd/surefire-test-report-3.0.xsd" version="3.0" name="aed.TransaccionTests" time="0.105" tests="15" errors="0" skipped="0" failures="0">
  <properties>
[...]
</properties>
  <testcase name="testTransaccionesNegativas" classname="aed.TransaccionTests" time="0.001"/>
  <testcase name="testUsuarioAfectadoMultiplesVeces" classname="aed.TransaccionTests" time="0.001"/>
  <testcase name="testAplicarTransaccionesCreacion" classname="aed.TransaccionTests" time="0"/>
  <testcase name="testAplicarTransaccionesRepetidas" classname="aed.TransaccionTests" time="0.001"/>
  <testcase name="testCompareTo" classname="aed.TransaccionTests" time="0.001"/>
  <testcase name="testGetters" classname="aed.TransaccionTests" time="0"/>
  <testcase name="testAplicarTransaccionesCasosBorde" classname="aed.TransaccionTests" time="0.001"/>
  <testcase name="testRevertirTransaccionCreacion" classname="aed.TransaccionTests" time="0"/>
  <testcase name="testRevertirTransaccionEsOLogP" classname="aed.TransaccionTests" time="0.061">
    <system-out><![CDATA[revertirTransaccion() con 1000 usuarios -> 2253ns
revertirTransaccion() con 10000 usuarios -> 1332ns
revertirTransaccion() con 100000 usuarios -> 6479ns
revertirTransaccion() con 1000000 usuarios -> 2349ns
]]></system-out>
  </testcase>
  <testcase name="testAplicarTransaccionesEsOn" classname="aed.TransaccionTests" time="0.022">
    <system-out><![CDATA[aplicarTransacciones() con 1000 transacciones -> 303063ns
aplicarTransacciones() con 10000 transacciones -> 1862496ns
aplicarTransacciones() con 100000 transacciones -> 12500625ns
]]></system-out>
  </testcase>
  <testcase name="testEquals" classname="aed.TransaccionTests" time="0.005"/>
  <testcase name="testComplejidadCompareTo" classname="aed.TransaccionTests" time="0.005">
    <system-out><![CDATA[compareTo() x1.000.000 -> 4ns por operación
]]></system-out>
  </testcase>
  <testcase name="testRevertirTransaccion" classname="aed.TransaccionTests" time="0.001"/>
  <testcase name="testAplicarTransacciones" classname="aed.TransaccionTests" time="0"/>
  <testcase name="testAplicarTransaccionesVacio" classname="aed.TransaccionTests" time="0.001"/>
</testsuite>