<?xml version="1.0" encoding="UTF-8"?>
<testsuite xmlns:xsi="http://www.w3.org/2001/XMLSchema-instance" xsi:noNamespaceSchemaLocation="https://maven.apache.org/surefire/maven-surefire-plugin/xsd/surefire-test-report-3.0.xsd" version="3.0" name="aed.BloqueTests" time="0.093" tests="11" errors="0" skipped="0" failures="0">
  <properties>
[...]
</properties>
  <testcase name="testMontosNegativos" classname="aed.BloqueTests" time="0"/>
  <testcase name="testComplejidadEliminarMayorValor" classname="aed.BloqueTests" time="0.014">
    <system-out><![CDATA[eliminarMayorValor() con 1000 transacciones -> 14227ns
eliminarMayorValor() con 10000 transacciones -> 1583ns
eliminarMayorValor() con 100000 transacciones -> 70269ns
]]></system-out>
  </testcase>
  <testcase name="testTransaccionesCreacion" classname="aed.BloqueTests" time="0.001"/>
  <testcase name="testBloqueUnicaTransaccion" classname="aed.BloqueTests" time="0.006"/>
  <testcase name="testBloqueVacio" classname="aed.BloqueTests" time="0.005"/>
  <testcase name="testConstruccionBloque" classname="aed.BloqueTests" time="0.025">
    <system-out><![CDATA[Construcción de bloque con 1000 transacciones -> 45025ns
Construcción de bloque con 10000 transacciones -> 2270534ns
Construcción de bloque con 100000 transacciones -> 14162852ns
]]></system-out>
  </testcase>
  <testcase name="testComplejidadMontoMedio" classname="aed.BloqueTests" time="0.01">
    <system-out><![CDATA[montoMedio() x1.000 con 1000 transacciones -> 77ns
montoMedio() x1.000 con 10000 transacciones -> 27ns
montoMedio() x1.000 con 100000 transacciones -> 15ns
]]></system-out>
  </testcase>
  <testcase name="testComplejidadTransaccionMayorValor" classname="aed.BloqueTests" time="0.01">
    <system-out><![CDATA[transaccionMayorValor() x1.000 con 1000 transacciones -> 34ns
transaccionMayorValor() x1.000 con 10000 transacciones -> 87ns
transaccionMayorValor() x1.000 con 100000 transacciones -> 21ns
]]></system-out>
  </testcase>
  <testcase name="testComplejidadGetTransacciones" classname="aed.BloqueTests" time="0.014">
    <system-out><![CDATA[getTransacciones() con 1000 transacciones -> 4183ns
getTransacciones() con 10000 transacciones -> 36860ns
getTransacciones() con 100000 transacciones -> 779143ns
]]></system-out>
  </testcase>
  <testcase name="testBloqueSecuencial" classname="aed.BloqueTests" time="0.001"/>
  <testcase name="testTransaccionesConMismoMonto" classname="aed.BloqueTests" time="0.001"/>
</testsuite>